<?xml version="1.0" encoding="utf-8"?><testsuites name="pytest tests"><testsuite name="pytest" errors="0" failures="0" skipped="0" tests="14" time="1.763" timestamp="2026-05-15T17:22:19.223614+00:00" hostname="agent-env-18fa92e0-b4d5-468b-b334-f619a34c7df7"><testcase classname="backend.tests.test_reviews.TestHealth" name="test_root" time="0.278" /><testcase classname="backend.tests.test_reviews.TestCreateReview" name="test_create_review_returns_pending_with_id" time="0.065" /><testcase classname="backend.tests.test_reviews.TestCreateReview" name="test_create_with_photo" time="0.069" /><testcase classname="backend.tests.test_reviews.TestCreateReview" name="test_rating_too_high" time="0.073" /><testcase classname="backend.tests.test_reviews.TestCreateReview" name="test_rating_too_low" time="0.063" /><testcase classname="backend.tests.test_reviews.TestCreateReview" name="test_missing_field" time="0.058" /><testcase classname="backend.tests.test_reviews.TestListReviews" name="test_list_pending_includes_created" time="0.062" /><testcase classname="backend.tests.test_reviews.TestListReviews" name="test_list_approved_default" time="0.066" /><testcase classname="backend.tests.test_reviews.TestListReviews" name="test_list_approved_explicit" time="0.072" /><testcase classname="backend.tests.test_reviews.TestPatchReview" name="test_approve_review" time="0.144" /><testcase classname="backend.tests.test_reviews.TestPatchReview" name="test_reject_review" time="0.079" /><testcase classname="backend.tests.test_reviews.TestPatchReview" name="test_patch_nonexistent" time="0.062" /><testcase classname="backend.tests.test_reviews.TestPatchReview" name="test_patch_invalid_status" time="0.069" /><testcase classname="backend.tests.test_reviews" name="test_zz_cleanup" time="0.184" /></testsuite></testsuites>